0 info it worked if it ends with ok
1 verbose cli [ 'node', '/usr/bin/npm', 'install' ]
2 info using npm@1.3.12
3 info using node@v0.10.15
4 verbose node symlink /usr/bin/node
5 verbose readDependencies using package.json deps
6 verbose install where, deps [ '/home/biks/facebook',
6 verbose install   [ 'express', 'jade', 'logfmt', 'mongoose', 'procfile' ] ]
7 info preinstall facebook@0.0.1
8 verbose readDependencies using package.json deps
9 verbose cache add [ 'mongoose@~1.3.12', null ]
10 verbose cache add name=undefined spec="mongoose@~1.3.12" args=["mongoose@~1.3.12",null]
11 verbose parsed url { protocol: null,
11 verbose parsed url   slashes: null,
11 verbose parsed url   auth: null,
11 verbose parsed url   host: null,
11 verbose parsed url   port: null,
11 verbose parsed url   hostname: null,
11 verbose parsed url   hash: null,
11 verbose parsed url   search: null,
11 verbose parsed url   query: null,
11 verbose parsed url   pathname: 'mongoose@~1.3.12',
11 verbose parsed url   path: 'mongoose@~1.3.12',
11 verbose parsed url   href: 'mongoose@~1.3.12' }
12 verbose cache add name="mongoose" spec="~1.3.12" args=["mongoose","~1.3.12"]
13 verbose parsed url { protocol: null,
13 verbose parsed url   slashes: null,
13 verbose parsed url   auth: null,
13 verbose parsed url   host: null,
13 verbose parsed url   port: null,
13 verbose parsed url   hostname: null,
13 verbose parsed url   hash: null,
13 verbose parsed url   search: null,
13 verbose parsed url   query: null,
13 verbose parsed url   pathname: '~1.3.12',
13 verbose parsed url   path: '~1.3.12',
13 verbose parsed url   href: '~1.3.12' }
14 verbose addNamed [ 'mongoose', '~1.3.12' ]
15 verbose addNamed [ null, '>=1.3.12-0 <1.4.0-0' ]
16 verbose already installed skipping express@~3.4.0 /home/biks/facebook
17 verbose already installed skipping jade@* /home/biks/facebook
18 verbose already installed skipping logfmt@~0.17.0 /home/biks/facebook
19 verbose cache add [ 'procfile@*', null ]
20 verbose cache add name=undefined spec="procfile@*" args=["procfile@*",null]
21 verbose parsed url { protocol: null,
21 verbose parsed url   slashes: null,
21 verbose parsed url   auth: null,
21 verbose parsed url   host: null,
21 verbose parsed url   port: null,
21 verbose parsed url   hostname: null,
21 verbose parsed url   hash: null,
21 verbose parsed url   search: null,
21 verbose parsed url   query: null,
21 verbose parsed url   pathname: 'procfile@*',
21 verbose parsed url   path: 'procfile@*',
21 verbose parsed url   href: 'procfile@*' }
22 verbose cache add name="procfile" spec="*" args=["procfile","*"]
23 verbose parsed url { protocol: null,
23 verbose parsed url   slashes: null,
23 verbose parsed url   auth: null,
23 verbose parsed url   host: null,
23 verbose parsed url   port: null,
23 verbose parsed url   hostname: null,
23 verbose parsed url   hash: null,
23 verbose parsed url   search: null,
23 verbose parsed url   query: null,
23 verbose parsed url   pathname: '*',
23 verbose parsed url   path: '*',
23 verbose parsed url   href: '*' }
24 verbose addNamed [ 'procfile', '*' ]
25 verbose addNamed [ null, '*' ]
26 silly lockFile f3b1f637-mongoose-1-3-12 mongoose@~1.3.12
27 verbose lock mongoose@~1.3.12 /home/biks/.npm/f3b1f637-mongoose-1-3-12.lock
28 silly lockFile 167cff00-procfile procfile@*
29 verbose lock procfile@* /home/biks/.npm/167cff00-procfile.lock
30 silly addNameRange { name: 'procfile', range: '*', hasData: false }
31 verbose url raw procfile
32 verbose url resolving [ 'https://registry.npmjs.org/', './procfile' ]
33 verbose url resolved https://registry.npmjs.org/procfile
34 info trying registry request attempt 1 at 19:13:23
35 http GET https://registry.npmjs.org/procfile
36 http 200 https://registry.npmjs.org/procfile
37 silly registry.get cb [ 200,
37 silly registry.get   { vary: 'Accept',
37 silly registry.get     server: 'CouchDB/1.5.0 (Erlang OTP/R15B03)',
37 silly registry.get     etag: '"4R6QFSPR0DTCY9VRMAZRKWTZO"',
37 silly registry.get     date: 'Fri, 06 Dec 2013 13:28:27 GMT',
37 silly registry.get     'content-type': 'application/json',
37 silly registry.get     'content-length': '3510' } ]
38 silly addNameRange number 2 { name: 'procfile', range: '*', hasData: true }
39 silly addNameRange versions [ 'procfile', [ '0.1.0', '0.1.1' ] ]
40 verbose addNamed [ 'procfile', '0.1.1' ]
41 verbose addNamed [ '0.1.1', '0.1.1' ]
42 silly lockFile a82ae2ed-procfile-0-1-1 procfile@0.1.1
43 verbose lock procfile@0.1.1 /home/biks/.npm/a82ae2ed-procfile-0-1-1.lock
44 silly lockFile 2baebc0a--org-procfile-procfile-0-1-1-tgz https://registry.npmjs.org/procfile/-/procfile-0.1.1.tgz
45 verbose lock https://registry.npmjs.org/procfile/-/procfile-0.1.1.tgz /home/biks/.npm/2baebc0a--org-procfile-procfile-0-1-1-tgz.lock
46 verbose addRemoteTarball [ 'https://registry.npmjs.org/procfile/-/procfile-0.1.1.tgz',
46 verbose addRemoteTarball   '7393f5ac171b13213143b355373cc690b058b22f' ]
47 info retry fetch attempt 1 at 19:13:28
48 verbose fetch to= /home/biks/tmp/npm-5496-78RGPCAH/1386336508076-0.08374806703068316/tmp.tgz
49 http GET https://registry.npmjs.org/procfile/-/procfile-0.1.1.tgz
50 http 200 https://registry.npmjs.org/procfile/-/procfile-0.1.1.tgz
51 verbose tar unpack /home/biks/tmp/npm-5496-78RGPCAH/1386336508076-0.08374806703068316/tmp.tgz
52 silly lockFile 0a85b434-8076-0-08374806703068316-package tar:///home/biks/tmp/npm-5496-78RGPCAH/1386336508076-0.08374806703068316/package
53 verbose lock tar:///home/biks/tmp/npm-5496-78RGPCAH/1386336508076-0.08374806703068316/package /home/biks/.npm/0a85b434-8076-0-08374806703068316-package.lock
54 silly lockFile 227c1399-8076-0-08374806703068316-tmp-tgz tar:///home/biks/tmp/npm-5496-78RGPCAH/1386336508076-0.08374806703068316/tmp.tgz
55 verbose lock tar:///home/biks/tmp/npm-5496-78RGPCAH/1386336508076-0.08374806703068316/tmp.tgz /home/biks/.npm/227c1399-8076-0-08374806703068316-tmp-tgz.lock
56 silly gunzTarPerm modes [ '755', '644' ]
57 silly gunzTarPerm extractEntry package.json
58 silly gunzTarPerm modified mode [ 'package.json', 438, 420 ]
59 silly gunzTarPerm extractEntry .npmignore
60 silly gunzTarPerm modified mode [ '.npmignore', 438, 420 ]
61 silly gunzTarPerm extractEntry README.md
62 silly gunzTarPerm modified mode [ 'README.md', 438, 420 ]
63 silly gunzTarPerm extractEntry lib/procfile.js
64 silly gunzTarPerm modified mode [ 'lib/procfile.js', 438, 420 ]
65 silly gunzTarPerm extractEntry test/helpers.js
66 silly gunzTarPerm modified mode [ 'test/helpers.js', 438, 420 ]
67 silly gunzTarPerm extractEntry test/procfile-test.js
68 silly gunzTarPerm modified mode [ 'test/procfile-test.js', 438, 420 ]
69 silly gunzTarPerm extractEntry test/fixtures/newline.procfile
70 silly gunzTarPerm modified mode [ 'test/fixtures/newline.procfile', 438, 420 ]
71 silly gunzTarPerm extractEntry test/fixtures/node.procfile
72 silly gunzTarPerm modified mode [ 'test/fixtures/node.procfile', 438, 420 ]
73 silly gunzTarPerm extractEntry test/fixtures/ruby.procfile
74 silly gunzTarPerm modified mode [ 'test/fixtures/ruby.procfile', 438, 420 ]
75 silly lockFile 0a85b434-8076-0-08374806703068316-package tar:///home/biks/tmp/npm-5496-78RGPCAH/1386336508076-0.08374806703068316/package
76 silly lockFile 0a85b434-8076-0-08374806703068316-package tar:///home/biks/tmp/npm-5496-78RGPCAH/1386336508076-0.08374806703068316/package
77 silly lockFile 227c1399-8076-0-08374806703068316-tmp-tgz tar:///home/biks/tmp/npm-5496-78RGPCAH/1386336508076-0.08374806703068316/tmp.tgz
78 silly lockFile 227c1399-8076-0-08374806703068316-tmp-tgz tar:///home/biks/tmp/npm-5496-78RGPCAH/1386336508076-0.08374806703068316/tmp.tgz
79 verbose tar pack [ '/home/biks/.npm/procfile/0.1.1/package.tgz',
79 verbose tar pack   '/home/biks/tmp/npm-5496-78RGPCAH/1386336508076-0.08374806703068316/package' ]
80 verbose tarball /home/biks/.npm/procfile/0.1.1/package.tgz
81 verbose folder /home/biks/tmp/npm-5496-78RGPCAH/1386336508076-0.08374806703068316/package
82 silly lockFile 0a85b434-8076-0-08374806703068316-package tar:///home/biks/tmp/npm-5496-78RGPCAH/1386336508076-0.08374806703068316/package
83 verbose lock tar:///home/biks/tmp/npm-5496-78RGPCAH/1386336508076-0.08374806703068316/package /home/biks/.npm/0a85b434-8076-0-08374806703068316-package.lock
84 silly lockFile 2407a4f4-s-npm-procfile-0-1-1-package-tgz tar:///home/biks/.npm/procfile/0.1.1/package.tgz
85 verbose lock tar:///home/biks/.npm/procfile/0.1.1/package.tgz /home/biks/.npm/2407a4f4-s-npm-procfile-0-1-1-package-tgz.lock
86 silly lockFile 0a85b434-8076-0-08374806703068316-package tar:///home/biks/tmp/npm-5496-78RGPCAH/1386336508076-0.08374806703068316/package
87 silly lockFile 0a85b434-8076-0-08374806703068316-package tar:///home/biks/tmp/npm-5496-78RGPCAH/1386336508076-0.08374806703068316/package
88 silly lockFile 2407a4f4-s-npm-procfile-0-1-1-package-tgz tar:///home/biks/.npm/procfile/0.1.1/package.tgz
89 silly lockFile 2407a4f4-s-npm-procfile-0-1-1-package-tgz tar:///home/biks/.npm/procfile/0.1.1/package.tgz
90 silly lockFile e74728f7--biks-npm-procfile-0-1-1-package /home/biks/.npm/procfile/0.1.1/package
91 verbose lock /home/biks/.npm/procfile/0.1.1/package /home/biks/.npm/e74728f7--biks-npm-procfile-0-1-1-package.lock
92 silly lockFile e74728f7--biks-npm-procfile-0-1-1-package /home/biks/.npm/procfile/0.1.1/package
93 silly lockFile e74728f7--biks-npm-procfile-0-1-1-package /home/biks/.npm/procfile/0.1.1/package
94 verbose tar unpack /home/biks/.npm/procfile/0.1.1/package.tgz
95 silly lockFile 14b4cee2--biks-npm-procfile-0-1-1-package tar:///home/biks/.npm/procfile/0.1.1/package
96 verbose lock tar:///home/biks/.npm/procfile/0.1.1/package /home/biks/.npm/14b4cee2--biks-npm-procfile-0-1-1-package.lock
97 silly lockFile 2407a4f4-s-npm-procfile-0-1-1-package-tgz tar:///home/biks/.npm/procfile/0.1.1/package.tgz
98 verbose lock tar:///home/biks/.npm/procfile/0.1.1/package.tgz /home/biks/.npm/2407a4f4-s-npm-procfile-0-1-1-package-tgz.lock
99 silly gunzTarPerm modes [ '755', '644' ]
100 silly gunzTarPerm extractEntry package.json
101 silly gunzTarPerm extractEntry .npmignore
102 silly gunzTarPerm extractEntry README.md
103 silly gunzTarPerm extractEntry lib/procfile.js
104 silly gunzTarPerm extractEntry test/helpers.js
105 silly gunzTarPerm extractEntry test/procfile-test.js
106 silly gunzTarPerm extractEntry test/fixtures/newline.procfile
107 silly gunzTarPerm extractEntry test/fixtures/node.procfile
108 silly gunzTarPerm extractEntry test/fixtures/ruby.procfile
109 silly lockFile 14b4cee2--biks-npm-procfile-0-1-1-package tar:///home/biks/.npm/procfile/0.1.1/package
110 silly lockFile 14b4cee2--biks-npm-procfile-0-1-1-package tar:///home/biks/.npm/procfile/0.1.1/package
111 silly lockFile 2407a4f4-s-npm-procfile-0-1-1-package-tgz tar:///home/biks/.npm/procfile/0.1.1/package.tgz
112 silly lockFile 2407a4f4-s-npm-procfile-0-1-1-package-tgz tar:///home/biks/.npm/procfile/0.1.1/package.tgz
113 verbose chmod /home/biks/.npm/procfile/0.1.1/package.tgz 644
114 verbose chown /home/biks/.npm/procfile/0.1.1/package.tgz [ 1000, 1000 ]
115 silly lockFile 2baebc0a--org-procfile-procfile-0-1-1-tgz https://registry.npmjs.org/procfile/-/procfile-0.1.1.tgz
116 silly lockFile 2baebc0a--org-procfile-procfile-0-1-1-tgz https://registry.npmjs.org/procfile/-/procfile-0.1.1.tgz
117 silly lockFile a82ae2ed-procfile-0-1-1 procfile@0.1.1
118 silly lockFile a82ae2ed-procfile-0-1-1 procfile@0.1.1
119 silly lockFile 167cff00-procfile procfile@*
120 silly lockFile 167cff00-procfile procfile@*
121 silly addNameRange { name: 'mongoose',
121 silly addNameRange   range: '>=1.3.12-0 <1.4.0-0',
121 silly addNameRange   hasData: false }
122 verbose url raw mongoose
123 verbose url resolving [ 'https://registry.npmjs.org/', './mongoose' ]
124 verbose url resolved https://registry.npmjs.org/mongoose
125 info trying registry request attempt 1 at 19:13:36
126 verbose etag "3K618A3RDUGDN62IFU4WZFCJK"
127 http GET https://registry.npmjs.org/mongoose
128 http 304 https://registry.npmjs.org/mongoose
129 silly registry.get cb [ 304,
129 silly registry.get   { server: 'CouchDB/1.3.1 (Erlang OTP/R15B03)',
129 silly registry.get     etag: '"3K618A3RDUGDN62IFU4WZFCJK"',
129 silly registry.get     date: 'Fri, 06 Dec 2013 13:28:38 GMT',
129 silly registry.get     'content-length': '0' } ]
130 verbose etag mongoose from cache
131 silly addNameRange number 2 { name: 'mongoose', range: '>=1.3.12-0 <1.4.0-0', hasData: true }
132 silly addNameRange versions [ 'mongoose',
132 silly addNameRange   [ '0.0.1',
132 silly addNameRange     '0.0.2',
132 silly addNameRange     '0.0.3',
132 silly addNameRange     '0.0.4',
132 silly addNameRange     '0.0.5',
132 silly addNameRange     '1.0.0',
132 silly addNameRange     '1.0.1',
132 silly addNameRange     '1.0.2',
132 silly addNameRange     '0.0.6',
132 silly addNameRange     '1.0.3',
132 silly addNameRange     '1.0.4',
132 silly addNameRange     '1.0.5',
132 silly addNameRange     '1.0.6',
132 silly addNameRange     '1.0.7',
132 silly addNameRange     '1.0.8',
132 silly addNameRange     '1.0.10',
132 silly addNameRange     '1.0.11',
132 silly addNameRange     '1.0.12',
132 silly addNameRange     '1.0.13',
132 silly addNameRange     '1.0.14',
132 silly addNameRange     '1.0.15',
132 silly addNameRange     '1.0.16',
132 silly addNameRange     '1.1.0',
132 silly addNameRange     '1.1.1',
132 silly addNameRange     '1.1.2',
132 silly addNameRange     '1.1.3',
132 silly addNameRange     '1.1.4',
132 silly addNameRange     '1.1.5',
132 silly addNameRange     '1.1.6',
132 silly addNameRange     '1.1.7',
132 silly addNameRange     '1.1.8',
132 silly addNameRange     '1.1.9',
132 silly addNameRange     '1.1.10',
132 silly addNameRange     '1.1.11',
132 silly addNameRange     '1.1.12',
132 silly addNameRange     '1.1.13',
132 silly addNameRange     '1.1.14',
132 silly addNameRange     '1.1.15',
132 silly addNameRange     '1.1.16',
132 silly addNameRange     '1.1.17',
132 silly addNameRange     '1.1.18',
132 silly addNameRange     '1.1.19',
132 silly addNameRange     '1.1.20',
132 silly addNameRange     '1.1.21',
132 silly addNameRange     '1.1.22',
132 silly addNameRange     '1.1.23',
132 silly addNameRange     '1.1.24',
132 silly addNameRange     '1.1.25',
132 silly addNameRange     '1.2.0',
132 silly addNameRange     '1.3.0',
132 silly addNameRange     '1.3.1',
132 silly addNameRange     '1.3.2',
132 silly addNameRange     '1.3.3',
132 silly addNameRange     '1.3.4',
132 silly addNameRange     '1.3.5',
132 silly addNameRange     '1.3.6',
132 silly addNameRange     '1.3.7',
132 silly addNameRange     '1.4.0',
132 silly addNameRange     '1.5.0',
132 silly addNameRange     '1.6.0',
132 silly addNameRange     '1.7.2',
132 silly addNameRange     '1.7.3',
132 silly addNameRange     '1.7.4',
132 silly addNameRange     '1.8.0',
132 silly addNameRange     '1.8.1',
132 silly addNameRange     '1.8.2',
132 silly addNameRange     '1.8.3',
132 silly addNameRange     '1.8.4',
132 silly addNameRange     '2.0.0',
132 silly addNameRange     '2.0.1',
132 silly addNameRange     '2.0.2',
132 silly addNameRange     '2.0.3',
132 silly addNameRange     '2.0.4',
132 silly addNameRange     '2.1.0',
132 silly addNameRange     '2.1.1',
132 silly addNameRange     '2.1.2',
132 silly addNameRange     '2.1.3',
132 silly addNameRange     '2.1.4',
132 silly addNameRange     '2.2.0',
132 silly addNameRange     '2.2.1',
132 silly addNameRange     '2.2.2',
132 silly addNameRange     '2.2.3',
132 silly addNameRange     '2.2.4',
132 silly addNameRange     '2.3.0',
132 silly addNameRange     '2.3.1',
132 silly addNameRange     '2.3.2',
132 silly addNameRange     '2.3.3',
132 silly addNameRange     '2.3.4',
132 silly addNameRange     '2.3.5',
132 silly addNameRange     '2.3.6',
132 silly addNameRange     '2.3.7',
132 silly addNameRange     '2.3.8',
132 silly addNameRange     '2.3.9',
132 silly addNameRange     '2.3.10',
132 silly addNameRange     '2.3.11',
132 silly addNameRange     '2.3.12',
132 silly addNameRange     '2.3.13',
132 silly addNameRange     '2.4.0',
132 silly addNameRange     '2.4.1',
132 silly addNameRange     '2.4.2',
132 silly addNameRange     '2.4.3',
132 silly addNameRange     '2.4.4',
132 silly addNameRange     '2.4.5',
132 silly addNameRange     '2.4.6',
132 silly addNameRange     '2.4.7',
132 silly addNameRange     '2.4.8',
132 silly addNameRange     '2.4.9',
132 silly addNameRange     '2.4.10',
132 silly addNameRange     '2.5.0',
132 silly addNameRange     '2.5.1',
132 silly addNameRange     '2.5.2',
132 silly addNameRange     '2.5.3',
132 silly addNameRange     '2.5.4',
132 silly addNameRange     '2.5.5',
132 silly addNameRange     '2.5.6',
132 silly addNameRange     '2.5.7',
132 silly addNameRange     '2.5.8',
132 silly addNameRange     '2.5.9',
132 silly addNameRange     '2.5.10',
132 silly addNameRange     '2.5.11',
132 silly addNameRange     '2.5.12',
132 silly addNameRange     '2.5.13',
132 silly addNameRange     '2.5.14',
132 silly addNameRange     '2.6.0',
132 silly addNameRange     '2.6.1',
132 silly addNameRange     '2.6.2',
132 silly addNameRange     '2.6.3',
132 silly addNameRange     '2.6.4',
132 silly addNameRange     '2.6.5',
132 silly addNameRange     '2.6.6',
132 silly addNameRange     '2.6.7',
132 silly addNameRange     '2.6.8',
132 silly addNameRange     '2.7.0',
132 silly addNameRange     '2.7.1',
132 silly addNameRange     '2.7.2',
132 silly addNameRange     '2.7.4',
132 silly addNameRange     '2.7.3',
132 silly addNameRange     '3.0.0',
132 silly addNameRange     '3.0.1',
132 silly addNameRange     '3.0.2',
132 silly addNameRange     '2.8.0',
132 silly addNameRange     '3.0.3',
132 silly addNameRange     '3.1.0',
132 silly addNameRange     '2.8.1',
132 silly addNameRange     '3.1.2-pre',
132 silly addNameRange     '3.1.1',
132 silly addNameRange     '2.8.2',
132 silly addNameRange     '2.8.3',
132 silly addNameRange     '3.1.2',
132 silly addNameRange     '2.9.0',
132 silly addNameRange     '3.2.0',
132 silly addNameRange     '2.9.1',
132 silly addNameRange     '3.2.1',
132 silly addNameRange     '2.9.2',
132 silly addNameRange     '3.2.2',
132 silly addNameRange     '3.3.0',
132 silly addNameRange     '3.3.1',
132 silly addNameRange     '2.9.3',
132 silly addNameRange     '3.4.0',
132 silly addNameRange     '2.9.4',
132 silly addNameRange     '2.9.5',
132 silly addNameRange     '3.5.0',
132 silly addNameRange     '3.5.1',
132 silly addNameRange     '3.5.2',
132 silly addNameRange     '3.5.3',
132 silly addNameRange     '2.9.6',
132 silly addNameRange     '2.9.7',
132 silly addNameRange     '3.5.4',
132 silly addNameRange     '3.5.5',
132 silly addNameRange     '2.9.8',
132 silly addNameRange     '2.9.9',
132 silly addNameRange     '3.5.6',
132 silly addNameRange     '3.5.7',
132 silly addNameRange     '3.5.8',
132 silly addNameRange     '2.9.10',
132 silly addNameRange     '3.5.9',
132 silly addNameRange     '3.6.2',
132 silly addNameRange     '3.5.10',
132 silly addNameRange     '3.6.3',
132 silly addNameRange     '3.5.11',
132 silly addNameRange     '3.6.4',
132 silly addNameRange     '3.6.5',
132 silly addNameRange     '3.6.6',
132 silly addNameRange     '3.6.7',
132 silly addNameRange     '3.5.12',
132 silly addNameRange     '3.6.8',
132 silly addNameRange     '3.6.9',
132 silly addNameRange     '3.6.10',
132 silly addNameRange     '3.5.13',
132 silly addNameRange     '3.5.14',
132 silly addNameRange     '3.6.11',
132 silly addNameRange     '3.6.12',
132 silly addNameRange     '3.6.13',
132 silly addNameRange     '3.6.14',
132 silly addNameRange     '3.6.15',
132 silly addNameRange     '3.5.15',
132 silly addNameRange     '3.7.0',
132 silly addNameRange     '3.6.16',
132 silly addNameRange     '3.5.16',
132 silly addNameRange     '3.6.17',
132 silly addNameRange     '3.7.2',
132 silly addNameRange     '3.0.0-alpha1',
132 silly addNameRange     '3.0.0-alpha2',
132 silly addNameRange     '3.0.0-rc0',
132 silly addNameRange     '3.6.0-rc0',
132 silly addNameRange     '3.6.0-rc1',
132 silly addNameRange     '3.6.18',
132 silly addNameRange     '3.7.3',
132 silly addNameRange     '3.6.19',
132 silly addNameRange     '3.6.20',
132 silly addNameRange     '3.7.4',
132 silly addNameRange     '3.8.0',
132 silly addNameRange     '3.8.1' ] ]
133 silly lockFile f3b1f637-mongoose-1-3-12 mongoose@~1.3.12
134 silly lockFile f3b1f637-mongoose-1-3-12 mongoose@~1.3.12
135 error Error: No compatible version found: mongoose@'>=1.3.12-0 <1.4.0-0'
135 error Valid install targets:
135 error ["0.0.1","0.0.2","0.0.3","0.0.4","0.0.5","1.0.0","1.0.1","1.0.2","0.0.6","1.0.3","1.0.4","1.0.5","1.0.6","1.0.7","1.0.8","1.0.10","1.0.11","1.0.12","1.0.13","1.0.14","1.0.15","1.0.16","1.1.0","1.1.1","1.1.2","1.1.3","1.1.4","1.1.5","1.1.6","1.1.7","1.1.8","1.1.9","1.1.10","1.1.11","1.1.12","1.1.13","1.1.14","1.1.15","1.1.16","1.1.17","1.1.18","1.1.19","1.1.20","1.1.21","1.1.22","1.1.23","1.1.24","1.1.25","1.2.0","1.3.0","1.3.1","1.3.2","1.3.3","1.3.4","1.3.5","1.3.6","1.3.7","1.4.0","1.5.0","1.6.0","1.7.2","1.7.3","1.7.4","1.8.0","1.8.1","1.8.2","1.8.3","1.8.4","2.0.0","2.0.1","2.0.2","2.0.3","2.0.4","2.1.0","2.1.1","2.1.2","2.1.3","2.1.4","2.2.0","2.2.1","2.2.2","2.2.3","2.2.4","2.3.0","2.3.1","2.3.2","2.3.3","2.3.4","2.3.5","2.3.6","2.3.7","2.3.8","2.3.9","2.3.10","2.3.11","2.3.12","2.3.13","2.4.0","2.4.1","2.4.2","2.4.3","2.4.4","2.4.5","2.4.6","2.4.7","2.4.8","2.4.9","2.4.10","2.5.0","2.5.1","2.5.2","2.5.3","2.5.4","2.5.5","2.5.6","2.5.7","2.5.8","2.5.9","2.5.10","2.5.11","2.5.12","2.5.13","2.5.14","2.6.0","2.6.1","2.6.2","2.6.3","2.6.4","2.6.5","2.6.6","2.6.7","2.6.8","2.7.0","2.7.1","2.7.2","2.7.4","2.7.3","3.0.0","3.0.1","3.0.2","2.8.0","3.0.3","3.1.0","2.8.1","3.1.2-pre","3.1.1","2.8.2","2.8.3","3.1.2","2.9.0","3.2.0","2.9.1","3.2.1","2.9.2","3.2.2","3.3.0","3.3.1","2.9.3","3.4.0","2.9.4","2.9.5","3.5.0","3.5.1","3.5.2","3.5.3","2.9.6","2.9.7","3.5.4","3.5.5","2.9.8","2.9.9","3.5.6","3.5.7","3.5.8","2.9.10","3.5.9","3.6.2","3.5.10","3.6.3","3.5.11","3.6.4","3.6.5","3.6.6","3.6.7","3.5.12","3.6.8","3.6.9","3.6.10","3.5.13","3.5.14","3.6.11","3.6.12","3.6.13","3.6.14","3.6.15","3.5.15","3.7.0","3.6.16","3.5.16","3.6.17","3.7.2","3.0.0-alpha1","3.0.0-alpha2","3.0.0-rc0","3.6.0-rc0","3.6.0-rc1","3.6.18","3.7.3","3.6.19","3.6.20","3.7.4","3.8.0","3.8.1"]
135 error     at installTargetsError (/usr/lib/nodejs/npm/lib/cache.js:719:10)
135 error     at next (/usr/lib/nodejs/npm/lib/cache.js:698:17)
135 error     at /usr/lib/nodejs/npm/lib/cache.js:675:5
135 error     at saved (/usr/lib/nodejs/npm/node_modules/npm-registry-client/lib/get.js:142:7)
135 error     at /usr/lib/nodejs/npm/node_modules/graceful-fs/polyfills.js:133:7
135 error     at Object.oncomplete (fs.js:107:15)
136 error If you need help, you may report this log at:
136 error     <http://github.com/isaacs/npm/issues>
136 error or email it to:
136 error     <npm-@googlegroups.com>
137 error System Linux 3.5.0-37-generic
138 error command "node" "/usr/bin/npm" "install"
139 error cwd /home/biks/facebook
140 error node -v v0.10.15
141 error npm -v 1.3.12
142 verbose exit [ 1, true ]
